Arguments: 
  /usr/local/bin/node /usr/local/Cellar/yarn/1.9.4/libexec/bin/yarn.js add axios

PATH: 
  /usr/local/opt/icu4c/sbin:/usr/local/opt/icu4c/bin:/usr/local/bin:/usr/bin:/bin:/usr/sbin:/sbin:/usr/local/share/dotnet:~/.dotnet/tools:/Library/Frameworks/Mono.framework/Versions/Current/Commands:/Applications/Android Studio.app/Contents/gradle/gradle-4.4/bin:/Users/qhe/Library/Android/sdk/tools:/Users/qhe/Library/Android/sdk/platform-tools

Yarn version: 
  1.9.4

Node version: 
  10.7.0

Platform: 
  darwin x64

Trace: 
  SyntaxError: /Users/qhe/Library/Application Support/Alfred 3/Alfred.alfredpreferences/workflows/user.workflow.073A5177-1788-4929-ADFE-08D106B6FFFE/package.json: Unexpected token / in JSON at position 140
      at JSON.parse (<anonymous>)
      at /usr/local/Cellar/yarn/1.9.4/libexec/lib/cli.js:1130:59
      at Generator.next (<anonymous>)
      at step (/usr/local/Cellar/yarn/1.9.4/libexec/lib/cli.js:92:30)
      at /usr/local/Cellar/yarn/1.9.4/libexec/lib/cli.js:103:13

npm manifest: 
  {
    "name": "zhihu_search",
    "version": "1.0.0",
    "author": "Rebecca_Han",
    "description": "知乎搜索",
    "keywords": [
      "javascript"
    ],
  //  "repository": {
  //    "type": "git",
  //    "url": "git@git.newbeeair.com:NewbeeInc/xiuxiu_school_adminPanel.git"
  //  },
    "contributors": [
      {
        "name": "Rebecca",
        "email": "jingwei.han@newbeeair.com"
      }
    ],
    "dependencies": {},
    "devDependencies": {
      "mqtt": "^2.5.0"
    }
  }

yarn manifest: 
  No manifest

Lockfile: 
  No lockfile
